
> client@0.1.0 build
> next build

- info Creating an optimized production build...
- info Compiled successfully
- info Linting and checking validity of types...
- info Collecting page data...
- info Generating static pages (0/4)
- info Generating static pages (1/4)
- info Generating static pages (2/4)
- info Generating static pages (3/4)
- info Generating static pages (4/4)
- info Finalizing page optimization...

Route (app)                                Size     First Load JS
┌ ○ /                                      5.32 kB        83.8 kB
└ ○ /favicon.ico                           0 B                0 B
+ First Load JS shared by all              78.5 kB
  ├ chunks/1dd3208c-39c74a0ffbbf6259.js    50.5 kB
  ├ chunks/575-64dab626bbbbc938.js         26.1 kB
  ├ chunks/main-app-4cd4a61fa2f01016.js    221 B
  └ chunks/webpack-b45ab7ea7c0e5708.js     1.68 kB

Route (pages)                              Size     First Load JS
─ ○ /404                                   178 B          76.5 kB
+ First Load JS shared by all              76.3 kB
  ├ chunks/framework-0857c1c24dbfb1d6.js   45.1 kB
  ├ chunks/main-eb643ffedc126e98.js        29.4 kB
  ├ chunks/pages/_app-12a7bb3ca92362ee.js  195 B
  └ chunks/webpack-b45ab7ea7c0e5708.js     1.68 kB

○  (Static)  automatically rendered as static HTML (uses no initial props)

